{"name": "test_003", "status": "failed", "statusDetails": {"message": "AssertionError: assert False", "trace": "self = <Scripts.test_001.Test001 object at 0x0000022DEA617048>\n\n    @allure.step(\"支付\")\n    def test_003(self):\n        allure.attach(\"买一个手机\", \"附件\")  # 添加步骤描述信息\n>       assert False\nE       assert False\n\nScripts\\test_001.py:16: AssertionError"}, "steps": [{"name": "支付", "status": "failed", "statusDetails": {"message": "AssertionError: assert False\n", "trace": "  File \"c:\\program files\\python36\\lib\\site-packages\\allure_commons\\_allure.py\", line 157, in impl\n    return func(*a, **kw)\n  File \"D:\\黑马学习资料\\APP\\app_day_09\\Scripts\\test_001.py\", line 16, in test_003\n    assert False\n"}, "attachments": [{"name": "附件", "source": "4ad2740d-c67f-49c1-9e74-db4dd7a88798-attachment.attach"}], "start": 1591352507667, "stop": 1591352507668}], "start": 1591352507667, "stop": 1591352507668, "uuid": "2d1dd9bd-62aa-4fd4-bb28-8287dd7f2b42", "historyId": "a14a4cccd8a4f98685134c6449134c94", "testCaseId": "5ca85eadef44c51cbbad18e71f368ac6", "fullName": "Scripts.test_001.Test001#test_003", "labels": [{"name": "parentSuite", "value": "Scripts"}, {"name": "suite", "value": "test_001"}, {"name": "subSuite", "value": "Test001"}, {"name": "host", "value": "LAPTOP-T0704VS0"}, {"name": "thread", "value": "24672-MainThread"}, {"name": "framework", "value": "pytest"}, {"name": "language", "value": "cpython3"}, {"name": "package", "value": "Scripts.test_001"}]}