{"name": "test_002", "status": "failed", "statusDetails": {"message": "AssertionError: assert False", "trace": "self = <Scripts.test_001.Test001 object at 0x0000022DEA5E4898>\n\n    @allure.step(\"登录\")\n    def test_002(self):\n        allure.attach(\"用户名：popo,密码：123456\", \"附件\")  # 添加步骤描述信息\n>       assert False\nE       assert False\n\nScripts\\test_001.py:11: AssertionError"}, "steps": [{"name": "登录", "status": "failed", "statusDetails": {"message": "AssertionError: assert False\n", "trace": "  File \"c:\\program files\\python36\\lib\\site-packages\\allure_commons\\_allure.py\", line 157, in impl\n    return func(*a, **kw)\n  File \"D:\\黑马学习资料\\APP\\app_day_09\\Scripts\\test_001.py\", line 11, in test_002\n    assert False\n"}, "attachments": [{"name": "附件", "source": "d1f53ca4-3788-409e-b6fd-039c0284428d-attachment.attach"}], "start": 1591352507639, "stop": 1591352507640}], "start": 1591352507639, "stop": 1591352507640, "uuid": "c3232291-dc00-4ec0-9a55-5a9c507347a0", "historyId": "3d58a5f71fd54557d266fa2357ba1912", "testCaseId": "9dbc7cb1dd477493e3876d90f152acb8", "fullName": "Scripts.test_001.Test001#test_002", "labels": [{"name": "parentSuite", "value": "Scripts"}, {"name": "suite", "value": "test_001"}, {"name": "subSuite", "value": "Test001"}, {"name": "host", "value": "LAPTOP-T0704VS0"}, {"name": "thread", "value": "24672-MainThread"}, {"name": "framework", "value": "pytest"}, {"name": "language", "value": "cpython3"}, {"name": "package", "value": "Scripts.test_001"}]}